Arguments: 
  /usr/local/bin/node /usr/local/bin/yarn add babel-plugin-transform-decorator-legacy --dev

PATH: 
  /usr/local/bin:/usr/bin:/bin:/usr/sbin:/sbin:/usr/local/sbin

Yarn version: 
  1.10.1

Node version: 
  8.11.3

Platform: 
  darwin x64

Trace: 
  Error: http://registry.npm.taobao.org/babel-plugin-transform-decorator-legacy: Not found
      at Request.params.callback [as _callback] (/usr/local/lib/node_modules/yarn/lib/cli.js:61073:18)
      at Request.self.callback (/usr/local/lib/node_modules/yarn/lib/cli.js:120166:22)
      at emitTwo (events.js:126:13)
      at Request.emit (events.js:214:7)
      at Request.<anonymous> (/usr/local/lib/node_modules/yarn/lib/cli.js:121138:10)
      at emitOne (events.js:116:13)
      at Request.emit (events.js:211:7)
      at IncomingMessage.<anonymous> (/usr/local/lib/node_modules/yarn/lib/cli.js:121060:12)
      at Object.onceWrapper (events.js:313:30)
      at emitNone (events.js:111:20)

npm manifest: 
  {
    "name": "design-pattern",
    "version": "1.0.0",
    "description": "",
    "main": "index.js",
    "scripts": {
      "test": "echo \"Error: no test specified\" && exit 1",
      "dev": "webpack-dev-server --config ./webpack.dev.config.js --mode development"
    },
    "author": "",
    "license": "ISC",
    "devDependencies": {
      "babel-core": "^6.26.3",
      "babel-loader": "^8.0.6",
      "babel-polyfill": "^6.26.0",
      "babel-preset-es2015": "^6.24.1",
      "babel-preset-latest": "^6.24.1",
      "html-webpack-plugin": "^3.2.0",
      "webpack": "^4.32.2",
      "webpack-cli": "^3.3.2",
      "webpack-dev-server": "^3.4.1"
    }
  }

yarn manifest: 
  No manifest

Lockfile: 
  No lockfile
